{
  "program": "nethide",
  "compiler_version": 0.1,
  "schema_version": 1,
  "data": {
    "ports": [
      "InternalPort",
      "ExternalPort"
    ]
  },
  "prefilters": [
    {
      "name": "toRouterA",
      "keys": [
        {
          "field": "PKT.PORT",
          "value": "ExternalPort"
        },
        {
          "field": "IPV4.DST",
          "value": "10.10.1.0/24"
        }
      ],
      "default": {
        "op": "FWD",
        "args": {
          "dest": "InternalPort"
        }
      },
      "body": [
        {
          "id": 1,
          "op": "HINC",
          "args": {
            "target": "IPV4.TTL",
            "value": 1
          }
        }
      ]
    },
    {
      "name": "toRouterB",
      "keys": [
        {
          "field": "PKT.PORT",
          "value": "ExternalPort"
        },
        {
          "field": "IPV4.DST",
          "value": "10.10.2.0/24"
        }
      ],
      "default": {
        "op": "FWD",
        "args": {
          "dest": "InternalPort"
        }
      },
      "body": [
        {
          "id": 2,
          "op": "HINC",
          "args": {
            "target": "IPV4.TTL",
            "value": -1
          }
        }
      ]
    },
    {
      "name": "FromInternal",
      "keys": [
        {
          "field": "PKT.PORT",
          "value": "InternalPort"
        }
      ],
      "default": {
        "op": "FWD",
        "args": {
          "dest": "ExternalPort"
        }
      },
      "body": []
    }
  ]
}