{
  "program": "ipid",
  "compiler_version": 0.1,
  "schema_version": 1,
  "data": {
    "ingress_ports": [
      "InternalPortIN",
      "ExternalPortIN"
    ],
    "egress_ports": [
      "InternalPortOUT",
      "ExternalPortOUT"
    ]
  },
  "prefilters": [
    {
      "name": "FromExternal",
      "keys": [
        {
          "field": "PKT.PORT",
          "operand": "EQ",
          "value": "ExternalPortIN"
        }
      ],
      "default": {
        "id": 1,
        "op": "FWD",
        "args": {
          "dest": "InternalPortOUT"
        }
      },
      "body": [
        {
          "id": 2,
          "op": "ASSIGN",
          "args": {
            "target": "IPV4.ID",
            "value": 1023
          }
        }
      ]
    },
    {
      "name": "FromInternal",
      "keys": [
        {
          "field": "PKT.PORT",
          "operand": "EQ",
          "value": "InternalPortIN"
        }
      ],
      "default": {
        "id": 3,
        "op": "FWD",
        "args": {
          "dest": "ExternalPortOUT"
        }
      },
      "body": []
    }
  ]
}