
INSPECTED LOG

install_app -t NetHide -v 1.0 took 0.140636 seconds
uninstall_app -t NetHide -v 1.0 took 0.156375 seconds
install_app -t NetHide -v 1.0 took 0.127742 seconds
uninstall_app -t NetHide -v 1.0 took 0.159362 seconds
install_app -t NetHide -v 1.0 took 0.128321 seconds
uninstall_app -t NetHide -v 1.0 took 0.156836 seconds
install_app -t NetHide -v 1.0 took 0.126605 seconds
uninstall_app -t NetHide -v 1.0 took 0.162058 seconds
install_app -t NetHide -v 1.0 took 0.112463 seconds
uninstall_app -t NetHide -v 1.0 took 0.131879 seconds
install_app -t NetHide -v 1.0 took 0.099998 seconds
uninstall_app -t NetHide -v 1.0 took 0.136504 seconds
install_app -t NetHide -v 1.0 took 0.130629 seconds
uninstall_app -t NetHide -v 1.0 took 0.166459 seconds
install_app -t NetHide -v 1.0 took 0.132763 seconds
uninstall_app -t NetHide -v 1.0 took 0.167338 seconds
install_app -t NetHide -v 1.0 took 0.100820 seconds
uninstall_app -t NetHide -v 1.0 took 0.140429 seconds
install_app -t NetHide -v 1.0 took 0.101372 seconds
uninstall_app -t NetHide -v 1.0 took 0.142840 seconds
install_app -t NetWardenIpid -v 1.0 took 0.082069 seconds
uninstall_app -t NetWardenIpid -v 1.0 took 0.130193 seconds
install_app -t NetWardenIpid -v 1.0 took 0.082727 seconds
uninstall_app -t NetWardenIpid -v 1.0 took 0.155079 seconds
install_app -t NetWardenIpid -v 1.0 took 0.103157 seconds
uninstall_app -t NetWardenIpid -v 1.0 took 0.143008 seconds
install_app -t NetWardenIpid -v 1.0 took 0.139168 seconds
uninstall_app -t NetWardenIpid -v 1.0 took 0.143634 seconds
install_app -t NetWardenIpid -v 1.0 took 0.098636 seconds
uninstall_app -t NetWardenIpid -v 1.0 took 0.150413 seconds
install_app -t NetWardenIpid -v 1.0 took 0.074975 seconds
uninstall_app -t NetWardenIpid -v 1.0 took 0.136398 seconds
install_app -t NetWardenIpid -v 1.0 took 0.098039 seconds
uninstall_app -t NetWardenIpid -v 1.0 took 0.140858 seconds
install_app -t NetWardenIpid -v 1.0 took 0.098321 seconds
uninstall_app -t NetWardenIpid -v 1.0 took 0.145765 seconds
install_app -t NetWardenIpid -v 1.0 took 0.101833 seconds
uninstall_app -t NetWardenIpid -v 1.0 took 0.145844 seconds
install_app -t NetWardenIpid -v 1.0 took 0.097739 seconds
uninstall_app -t NetWardenIpid -v 1.0 took 0.155525 seconds

run_app -t NetHide -v 1.0 took 1.263123 seconds
run_app -t NetWardenIpid -v 1.0 took 1.820378 seconds
run_app -t NetHide -v 1.0 took 1.798848 seconds
run_app -t NetWardenIpid -v 1.0 took 1.826263 seconds
run_app -t NetHide -v 1.0 took 1.796391 seconds
run_app -t NetWardenIpid -v 1.0 took 1.842688 seconds
run_app -t NetHide -v 1.0 took 1.805982 seconds
run_app -t NetWardenIpid -v 1.0 took 1.814350 seconds
run_app -t NetHide -v 1.0 took 1.760197 seconds
run_app -t NetWardenIpid -v 1.0 took 1.705531 seconds
run_app -t NetHide -v 1.0 took 1.802019 seconds
run_app -t NetWardenIpid -v 1.0 took 1.819903 seconds
run_app -t NetHide -v 1.0 took 1.843848 seconds
run_app -t NetWardenIpid -v 1.0 took 1.811356 seconds
run_app -t NetHide -v 1.0 took 1.830158 seconds
run_app -t NetWardenIpid -v 1.0 took 1.803351 seconds
run_app -t NetHide -v 1.0 took 1.826375 seconds
run_app -t NetWardenIpid -v 1.0 took 1.808156 seconds
run_app -t NetHide -v 1.0 took 1.806618 seconds
run_app -t NetWardenIpid -v 1.0 took 1.686836 seconds

SERVER:

run_app NetHide v1.0
Function Time for Installing Ports NetHide_v1.0 took 0.863819 seconds
Function Time for changing the Running Program took 0.018915 seconds
Function Cleaned Registers for App NetHide_v1.0 took 0.319995 seconds
run_app NetWardenIpid v1.0
Chaning Tofino Ports NetWardenIpid_v1.0
Function Time for Clearing Ports NetWardenIpid_v1.0 took 0.779590 seconds
Function Time for Installing Ports NetWardenIpid_v1.0 took 0.636577 seconds
Function Time for Changing the Running Program NetWardenIpid_v1.0 took 0.025263 seconds
Function Cleaned Registers for App NetWardenIpid_v1.0 took 0.319603 seconds
run_app NetHide v1.0
Chaning Tofino Ports NetHide_v1.0
Function Time for Clearing Ports NetHide_v1.0 took 0.554848 seconds
Function Time for Installing Ports NetHide_v1.0 took 0.857164 seconds
Function Time for Changing the Running Program NetHide_v1.0 took 0.023891 seconds
Function Cleaned Registers for App NetHide_v1.0 took 0.303723 seconds
run_app NetWardenIpid v1.0
Chaning Tofino Ports NetWardenIpid_v1.0
Function Time for Clearing Ports NetWardenIpid_v1.0 took 0.794194 seconds
Function Time for Installing Ports NetWardenIpid_v1.0 took 0.634024 seconds
Function Time for Changing the Running Program NetWardenIpid_v1.0 took 0.024611 seconds
Function Cleaned Registers for App NetWardenIpid_v1.0 took 0.312278 seconds
run_app NetHide v1.0
Chaning Tofino Ports NetHide_v1.0
Function Time for Clearing Ports NetHide_v1.0 took 0.554237 seconds
Function Time for Installing Ports NetHide_v1.0 took 0.857008 seconds
Function Time for Changing the Running Program NetHide_v1.0 took 0.024648 seconds
Function Cleaned Registers for App NetHide_v1.0 took 0.301263 seconds
run_app NetWardenIpid v1.0
Chaning Tofino Ports NetWardenIpid_v1.0
Function Time for Clearing Ports NetWardenIpid_v1.0 took 0.798655 seconds
Function Time for Installing Ports NetWardenIpid_v1.0 took 0.636682 seconds
Function Time for Changing the Running Program NetWardenIpid_v1.0 took 0.024511 seconds
Function Cleaned Registers for App NetWardenIpid_v1.0 took 0.324815 seconds
run_app NetHide v1.0
Chaning Tofino Ports NetHide_v1.0
Function Time for Clearing Ports NetHide_v1.0 took 0.549009 seconds
Function Time for Installing Ports NetHide_v1.0 took 0.862528 seconds
Function Time for Changing the Running Program NetHide_v1.0 took 0.024869 seconds
Function Cleaned Registers for App NetHide_v1.0 took 0.310114 seconds
run_app NetWardenIpid v1.0
Chaning Tofino Ports NetWardenIpid_v1.0
Function Time for Clearing Ports NetWardenIpid_v1.0 took 0.781162 seconds
Function Time for Installing Ports NetWardenIpid_v1.0 took 0.635322 seconds
Function Time for Changing the Running Program NetWardenIpid_v1.0 took 0.025409 seconds
Function Cleaned Registers for App NetWardenIpid_v1.0 took 0.313903 seconds
run_app NetHide v1.0
Chaning Tofino Ports NetHide_v1.0
Function Time for Clearing Ports NetHide_v1.0 took 0.572020 seconds
Function Time for Installing Ports NetHide_v1.0 took 0.860461 seconds
Function Time for Changing the Running Program NetHide_v1.0 took 0.012478 seconds
Function Cleaned Registers for App NetHide_v1.0 took 0.256746 seconds
run_app NetWardenIpid v1.0
Chaning Tofino Ports NetWardenIpid_v1.0
Function Time for Clearing Ports NetWardenIpid_v1.0 took 0.793765 seconds
Function Time for Installing Ports NetWardenIpid_v1.0 took 0.635734 seconds
Function Time for Changing the Running Program NetWardenIpid_v1.0 took 0.014814 seconds
Function Cleaned Registers for App NetWardenIpid_v1.0 took 0.201951 seconds
run_app NetHide v1.0
Chaning Tofino Ports NetHide_v1.0
Function Time for Clearing Ports NetHide_v1.0 took 0.547432 seconds
Function Time for Installing Ports NetHide_v1.0 took 0.858834 seconds
Function Time for Changing the Running Program NetHide_v1.0 took 0.024705 seconds
Function Cleaned Registers for App NetHide_v1.0 took 0.312229 seconds
run_app NetWardenIpid v1.0
Chaning Tofino Ports NetWardenIpid_v1.0
Function Time for Clearing Ports NetWardenIpid_v1.0 took 0.794089 seconds
Function Time for Installing Ports NetWardenIpid_v1.0 took 0.630588 seconds
Function Time for Changing the Running Program NetWardenIpid_v1.0 took 0.023742 seconds
Function Cleaned Registers for App NetWardenIpid_v1.0 took 0.312233 seconds
run_app NetHide v1.0
Chaning Tofino Ports NetHide_v1.0
Function Time for Clearing Ports NetHide_v1.0 took 0.569763 seconds
Function Time for Installing Ports NetHide_v1.0 took 0.862320 seconds
Function Time for Changing the Running Program NetHide_v1.0 took 0.025094 seconds
Function Cleaned Registers for App NetHide_v1.0 took 0.327697 seconds
run_app NetWardenIpid v1.0
Chaning Tofino Ports NetWardenIpid_v1.0
Function Time for Clearing Ports NetWardenIpid_v1.0 took 0.778813 seconds
Function Time for Installing Ports NetWardenIpid_v1.0 took 0.632228 seconds
Function Time for Changing the Running Program NetWardenIpid_v1.0 took 0.025680 seconds
Function Cleaned Registers for App NetWardenIpid_v1.0 took 0.316600 seconds
run_app NetHide v1.0
Chaning Tofino Ports NetHide_v1.0
Function Time for Clearing Ports NetHide_v1.0 took 0.584551 seconds
Function Time for Installing Ports NetHide_v1.0 took 0.852441 seconds
Function Time for Changing the Running Program NetHide_v1.0 took 0.027741 seconds
Function Cleaned Registers for App NetHide_v1.0 took 0.307746 seconds
run_app NetWardenIpid v1.0
Chaning Tofino Ports NetWardenIpid_v1.0
Function Time for Clearing Ports NetWardenIpid_v1.0 took 0.786289 seconds
Function Time for Installing Ports NetWardenIpid_v1.0 took 0.637326 seconds
Function Time for Changing the Running Program NetWardenIpid_v1.0 took 0.022912 seconds
Function Cleaned Registers for App NetWardenIpid_v1.0 took 0.297919 seconds
run_app NetHide v1.0
Chaning Tofino Ports NetHide_v1.0
Function Time for Clearing Ports NetHide_v1.0 took 0.552646 seconds
Function Time for Installing Ports NetHide_v1.0 took 0.861707 seconds
Function Time for Changing the Running Program NetHide_v1.0 took 0.025336 seconds
Function Cleaned Registers for App NetHide_v1.0 took 0.326669 seconds
run_app NetWardenIpid v1.0
Chaning Tofino Ports NetWardenIpid_v1.0
Function Time for Clearing Ports NetWardenIpid_v1.0 took 0.778547 seconds
Function Time for Installing Ports NetWardenIpid_v1.0 took 0.633868 seconds
Function Time for Changing the Running Program NetWardenIpid_v1.0 took 0.025076 seconds
Function Cleaned Registers for App NetWardenIpid_v1.0 took 0.310682 seconds
run_app NetHide v1.0
Chaning Tofino Ports NetHide_v1.0
Function Time for Clearing Ports NetHide_v1.0 took 0.553850 seconds
Function Time for Installing Ports NetHide_v1.0 took 0.859137 seconds
Function Time for Changing the Running Program NetHide_v1.0 took 0.025274 seconds
Function Cleaned Registers for App NetHide_v1.0 took 0.309790 seconds
run_app NetWardenIpid v1.0
Chaning Tofino Ports NetWardenIpid_v1.0
Function Time for Clearing Ports NetWardenIpid_v1.0 took 0.796183 seconds
Function Time for Installing Ports NetWardenIpid_v1.0 took 0.632577 seconds
Function Time for Changing the Running Program NetWardenIpid_v1.0 took 0.025962 seconds
Function Cleaned Registers for App NetWardenIpid_v1.0 took 0.173714 seconds